# Logfile created on 2014-08-21 17:49:44 +0400 by logger.rb/41954
I, [2014-08-21T17:49:44.588946 #74175]  INFO -- : 0:  rake (10.3.2) from /Users/dse/.rvm/gems/ruby-2.0.0-p353@rails4/specifications/rake-10.3.2.gemspec
I, [2014-08-21T17:49:44.589515 #74175]  INFO -- : 0:  i18n (0.6.11) from /Users/dse/.rvm/gems/ruby-2.0.0-p353@rails4/specifications/i18n-0.6.11.gemspec
I, [2014-08-21T17:49:44.589936 #74175]  INFO -- : 0:  minitest (4.7.5) from /Users/dse/.rvm/gems/ruby-2.0.0-p353@rails4/specifications/minitest-4.7.5.gemspec
I, [2014-08-21T17:49:44.590354 #74175]  INFO -- : 0:  multi_json (1.10.1) from /Users/dse/.rvm/gems/ruby-2.0.0-p353@rails4/specifications/multi_json-1.10.1.gemspec
I, [2014-08-21T17:49:44.590739 #74175]  INFO -- : 0:  thread_safe (0.3.4) from /Users/dse/.rvm/gems/ruby-2.0.0-p353@rails4/specifications/thread_safe-0.3.4.gemspec
I, [2014-08-21T17:49:44.591139 #74175]  INFO -- : 0:  tzinfo (0.3.41) from /Users/dse/.rvm/gems/ruby-2.0.0-p353@rails4/specifications/tzinfo-0.3.41.gemspec
I, [2014-08-21T17:49:44.591554 #74175]  INFO -- : 0:  activesupport (4.0.2) from /Users/dse/.rvm/gems/ruby-2.0.0-p353@rails4/specifications/activesupport-4.0.2.gemspec
I, [2014-08-21T17:49:44.591947 #74175]  INFO -- : 0:  builder (3.1.4) from /Users/dse/.rvm/gems/ruby-2.0.0-p353@rails4/specifications/builder-3.1.4.gemspec
I, [2014-08-21T17:49:44.592330 #74175]  INFO -- : 0:  erubis (2.7.0) from /Users/dse/.rvm/gems/ruby-2.0.0-p353@rails4/specifications/erubis-2.7.0.gemspec
I, [2014-08-21T17:49:44.592680 #74175]  INFO -- : 0:  rack (1.5.2) from /Users/dse/.rvm/gems/ruby-2.0.0-p353@rails4/specifications/rack-1.5.2.gemspec
I, [2014-08-21T17:49:44.592954 #74175]  INFO -- : 0:  rack-test (0.6.2) from /Users/dse/.rvm/gems/ruby-2.0.0-p353@rails4/specifications/rack-test-0.6.2.gemspec
I, [2014-08-21T17:49:44.593205 #74175]  INFO -- : 0:  actionpack (4.0.2) from /Users/dse/.rvm/gems/ruby-2.0.0-p353@rails4/specifications/actionpack-4.0.2.gemspec
I, [2014-08-21T17:49:44.593445 #74175]  INFO -- : 0:  mime-types (1.25.1) from /Users/dse/.rvm/gems/ruby-2.0.0-p353@rails4/specifications/mime-types-1.25.1.gemspec
I, [2014-08-21T17:49:44.593662 #74175]  INFO -- : 0:  polyglot (0.3.5) from /Users/dse/.rvm/gems/ruby-2.0.0-p353@rails4/specifications/polyglot-0.3.5.gemspec
I, [2014-08-21T17:49:44.593877 #74175]  INFO -- : 0:  treetop (1.4.15) from /Users/dse/.rvm/gems/ruby-2.0.0-p353@rails4/specifications/treetop-1.4.15.gemspec
I, [2014-08-21T17:49:44.594234 #74175]  INFO -- : 0:  mail (2.5.4) from /Users/dse/.rvm/gems/ruby-2.0.0-p353@rails4/specifications/mail-2.5.4.gemspec
I, [2014-08-21T17:49:44.594494 #74175]  INFO -- : 0:  actionmailer (4.0.2) from /Users/dse/.rvm/gems/ruby-2.0.0-p353@rails4/specifications/actionmailer-4.0.2.gemspec
I, [2014-08-21T17:49:44.594731 #74175]  INFO -- : 0:  activemodel (4.0.2) from /Users/dse/.rvm/gems/ruby-2.0.0-p353@rails4/specifications/activemodel-4.0.2.gemspec
I, [2014-08-21T17:49:44.595012 #74175]  INFO -- : 0:  activerecord-deprecated_finders (1.0.3) from /Users/dse/.rvm/gems/ruby-2.0.0-p353@rails4/specifications/activerecord-deprecated_finders-1.0.3.gemspec
I, [2014-08-21T17:49:44.595254 #74175]  INFO -- : 0:  arel (4.0.2) from /Users/dse/.rvm/gems/ruby-2.0.0-p353@rails4/specifications/arel-4.0.2.gemspec
I, [2014-08-21T17:49:44.595492 #74175]  INFO -- : 0:  activerecord (4.0.2) from /Users/dse/.rvm/gems/ruby-2.0.0-p353@rails4/specifications/activerecord-4.0.2.gemspec
I, [2014-08-21T17:49:44.595741 #74175]  INFO -- : 0:  bundler (1.5.1) from /Users/dse/.rvm/gems/ruby-2.0.0-p353@global/specifications/bundler-1.5.1.gemspec
I, [2014-08-21T17:49:44.596014 #74175]  INFO -- : 0:  coffee-script-source (1.7.1) from /Users/dse/.rvm/gems/ruby-2.0.0-p353@rails4/specifications/coffee-script-source-1.7.1.gemspec
I, [2014-08-21T17:49:44.596251 #74175]  INFO -- : 0:  execjs (2.2.1) from /Users/dse/.rvm/gems/ruby-2.0.0-p353@rails4/specifications/execjs-2.2.1.gemspec
I, [2014-08-21T17:49:44.596478 #74175]  INFO -- : 0:  coffee-script (2.3.0) from /Users/dse/.rvm/gems/ruby-2.0.0-p353@rails4/specifications/coffee-script-2.3.0.gemspec
I, [2014-08-21T17:49:44.596728 #74175]  INFO -- : 0:  thor (0.19.1) from /Users/dse/.rvm/gems/ruby-2.0.0-p353@rails4/specifications/thor-0.19.1.gemspec
I, [2014-08-21T17:49:44.596949 #74175]  INFO -- : 0:  railties (4.0.2) from /Users/dse/.rvm/gems/ruby-2.0.0-p353@rails4/specifications/railties-4.0.2.gemspec
I, [2014-08-21T17:49:44.597164 #74175]  INFO -- : 0:  coffee-rails (4.0.1) from /Users/dse/.rvm/gems/ruby-2.0.0-p353@rails4/specifications/coffee-rails-4.0.1.gemspec
I, [2014-08-21T17:49:44.597376 #74175]  INFO -- : 0:  hike (1.2.3) from /Users/dse/.rvm/gems/ruby-2.0.0-p353@rails4/specifications/hike-1.2.3.gemspec
I, [2014-08-21T17:49:44.597640 #74175]  INFO -- : 0:  jbuilder (1.5.3) from /Users/dse/.rvm/gems/ruby-2.0.0-p353@rails4/specifications/jbuilder-1.5.3.gemspec
I, [2014-08-21T17:49:44.597870 #74175]  INFO -- : 0:  jquery-rails (3.1.1) from /Users/dse/.rvm/gems/ruby-2.0.0-p353@rails4/specifications/jquery-rails-3.1.1.gemspec
I, [2014-08-21T17:49:44.598094 #74175]  INFO -- : 0:  json (1.8.1) from /Users/dse/.rvm/gems/ruby-2.0.0-p353@rails4/specifications/json-1.8.1.gemspec
I, [2014-08-21T17:49:44.598346 #74175]  INFO -- : 0:  tilt (1.4.1) from /Users/dse/.rvm/gems/ruby-2.0.0-p353@rails4/specifications/tilt-1.4.1.gemspec
I, [2014-08-21T17:49:44.598704 #74175]  INFO -- : 0:  sprockets (2.11.0) from /Users/dse/.rvm/gems/ruby-2.0.0-p353@rails4/specifications/sprockets-2.11.0.gemspec
I, [2014-08-21T17:49:44.599074 #74175]  INFO -- : 0:  sprockets-rails (2.0.1) from /Users/dse/.rvm/gems/ruby-2.0.0-p353@rails4/specifications/sprockets-rails-2.0.1.gemspec
I, [2014-08-21T17:49:44.599490 #74175]  INFO -- : 0:  rails (4.0.2) from /Users/dse/.rvm/gems/ruby-2.0.0-p353@rails4/specifications/rails-4.0.2.gemspec
I, [2014-08-21T17:49:44.599814 #74175]  INFO -- : 0:  rdoc (4.1.1) from /Users/dse/.rvm/gems/ruby-2.0.0-p353@rails4/specifications/rdoc-4.1.1.gemspec
I, [2014-08-21T17:49:44.600035 #74175]  INFO -- : 0:  sass (3.2.19) from /Users/dse/.rvm/gems/ruby-2.0.0-p353@rails4/specifications/sass-3.2.19.gemspec
I, [2014-08-21T17:49:44.600248 #74175]  INFO -- : 0:  sass-rails (4.0.3) from /Users/dse/.rvm/gems/ruby-2.0.0-p353@rails4/specifications/sass-rails-4.0.3.gemspec
I, [2014-08-21T17:49:44.600468 #74175]  INFO -- : 0:  sdoc (0.4.1) from /Users/dse/.rvm/gems/ruby-2.0.0-p353@rails4/specifications/sdoc-0.4.1.gemspec
I, [2014-08-21T17:49:44.600732 #74175]  INFO -- : 0:  sqlite3 (1.3.9) from /Users/dse/.rvm/gems/ruby-2.0.0-p353@rails4/specifications/sqlite3-1.3.9.gemspec
I, [2014-08-21T17:49:46.057942 #74175]  INFO -- : 0:  turbolinks (2.2.3) from /Users/dse/.rvm/gems/ruby-2.0.0-p353@rails4/specifications/turbolinks-2.2.3.gemspec
I, [2014-08-21T17:49:46.058358 #74175]  INFO -- : 0:  uglifier (2.5.3) from /Users/dse/.rvm/gems/ruby-2.0.0-p353@rails4/specifications/uglifier-2.5.3.gemspec
I, [2014-08-21T17:53:24.068143 #74212]  INFO -- : 0:  rake (10.3.2) from /Users/dse/.rvm/gems/ruby-2.0.0-p353@rails4/specifications/rake-10.3.2.gemspec
I, [2014-08-21T17:53:24.068466 #74212]  INFO -- : 0:  i18n (0.6.11) from /Users/dse/.rvm/gems/ruby-2.0.0-p353@rails4/specifications/i18n-0.6.11.gemspec
I, [2014-08-21T17:53:24.068696 #74212]  INFO -- : 0:  minitest (4.7.5) from /Users/dse/.rvm/gems/ruby-2.0.0-p353@rails4/specifications/minitest-4.7.5.gemspec
I, [2014-08-21T17:53:24.068928 #74212]  INFO -- : 0:  multi_json (1.10.1) from /Users/dse/.rvm/gems/ruby-2.0.0-p353@rails4/specifications/multi_json-1.10.1.gemspec
I, [2014-08-21T17:53:24.069147 #74212]  INFO -- : 0:  thread_safe (0.3.4) from /Users/dse/.rvm/gems/ruby-2.0.0-p353@rails4/specifications/thread_safe-0.3.4.gemspec
I, [2014-08-21T17:53:24.069356 #74212]  INFO -- : 0:  tzinfo (0.3.41) from /Users/dse/.rvm/gems/ruby-2.0.0-p353@rails4/specifications/tzinfo-0.3.41.gemspec
I, [2014-08-21T17:53:24.069566 #74212]  INFO -- : 0:  activesupport (4.0.2) from /Users/dse/.rvm/gems/ruby-2.0.0-p353@rails4/specifications/activesupport-4.0.2.gemspec
I, [2014-08-21T17:53:24.069768 #74212]  INFO -- : 0:  builder (3.1.4) from /Users/dse/.rvm/gems/ruby-2.0.0-p353@rails4/specifications/builder-3.1.4.gemspec
I, [2014-08-21T17:53:24.069985 #74212]  INFO -- : 0:  erubis (2.7.0) from /Users/dse/.rvm/gems/ruby-2.0.0-p353@rails4/specifications/erubis-2.7.0.gemspec
I, [2014-08-21T17:53:24.070188 #74212]  INFO -- : 0:  rack (1.5.2) from /Users/dse/.rvm/gems/ruby-2.0.0-p353@rails4/specifications/rack-1.5.2.gemspec
I, [2014-08-21T17:53:24.070445 #74212]  INFO -- : 0:  rack-test (0.6.2) from /Users/dse/.rvm/gems/ruby-2.0.0-p353@rails4/specifications/rack-test-0.6.2.gemspec
I, [2014-08-21T17:53:24.070654 #74212]  INFO -- : 0:  actionpack (4.0.2) from /Users/dse/.rvm/gems/ruby-2.0.0-p353@rails4/specifications/actionpack-4.0.2.gemspec
I, [2014-08-21T17:53:24.070855 #74212]  INFO -- : 0:  mime-types (1.25.1) from /Users/dse/.rvm/gems/ruby-2.0.0-p353@rails4/specifications/mime-types-1.25.1.gemspec
I, [2014-08-21T17:53:24.071057 #74212]  INFO -- : 0:  polyglot (0.3.5) from /Users/dse/.rvm/gems/ruby-2.0.0-p353@rails4/specifications/polyglot-0.3.5.gemspec
I, [2014-08-21T17:53:24.071256 #74212]  INFO -- : 0:  treetop (1.4.15) from /Users/dse/.rvm/gems/ruby-2.0.0-p353@rails4/specifications/treetop-1.4.15.gemspec
I, [2014-08-21T17:53:24.071454 #74212]  INFO -- : 0:  mail (2.5.4) from /Users/dse/.rvm/gems/ruby-2.0.0-p353@rails4/specifications/mail-2.5.4.gemspec
I, [2014-08-21T17:53:24.071657 #74212]  INFO -- : 0:  actionmailer (4.0.2) from /Users/dse/.rvm/gems/ruby-2.0.0-p353@rails4/specifications/actionmailer-4.0.2.gemspec
I, [2014-08-21T17:53:24.072121 #74212]  INFO -- : 0:  activemodel (4.0.2) from /Users/dse/.rvm/gems/ruby-2.0.0-p353@rails4/specifications/activemodel-4.0.2.gemspec
I, [2014-08-21T17:53:24.072316 #74212]  INFO -- : 0:  activerecord-deprecated_finders (1.0.3) from /Users/dse/.rvm/gems/ruby-2.0.0-p353@rails4/specifications/activerecord-deprecated_finders-1.0.3.gemspec
I, [2014-08-21T17:53:24.072514 #74212]  INFO -- : 0:  arel (4.0.2) from /Users/dse/.rvm/gems/ruby-2.0.0-p353@rails4/specifications/arel-4.0.2.gemspec
I, [2014-08-21T17:53:24.072716 #74212]  INFO -- : 0:  activerecord (4.0.2) from /Users/dse/.rvm/gems/ruby-2.0.0-p353@rails4/specifications/activerecord-4.0.2.gemspec
I, [2014-08-21T17:53:24.072919 #74212]  INFO -- : 0:  sass (3.2.19) from /Users/dse/.rvm/gems/ruby-2.0.0-p353@rails4/specifications/sass-3.2.19.gemspec
I, [2014-08-21T17:53:25.925032 #74212]  INFO -- : 0:  bootstrap-sass (3.2.0.1) from /Users/dse/.rvm/gems/ruby-2.0.0-p353@rails4/specifications/bootstrap-sass-3.2.0.1.gemspec
I, [2014-08-21T17:53:25.925509 #74212]  INFO -- : 0:  bundler (1.5.1) from /Users/dse/.rvm/gems/ruby-2.0.0-p353@global/specifications/bundler-1.5.1.gemspec
I, [2014-08-21T17:53:25.925838 #74212]  INFO -- : 0:  coffee-script-source (1.7.1) from /Users/dse/.rvm/gems/ruby-2.0.0-p353@rails4/specifications/coffee-script-source-1.7.1.gemspec
I, [2014-08-21T17:53:25.926153 #74212]  INFO -- : 0:  execjs (2.2.1) from /Users/dse/.rvm/gems/ruby-2.0.0-p353@rails4/specifications/execjs-2.2.1.gemspec
I, [2014-08-21T17:53:25.926461 #74212]  INFO -- : 0:  coffee-script (2.3.0) from /Users/dse/.rvm/gems/ruby-2.0.0-p353@rails4/specifications/coffee-script-2.3.0.gemspec
I, [2014-08-21T17:53:25.926769 #74212]  INFO -- : 0:  thor (0.19.1) from /Users/dse/.rvm/gems/ruby-2.0.0-p353@rails4/specifications/thor-0.19.1.gemspec
I, [2014-08-21T17:53:25.927071 #74212]  INFO -- : 0:  railties (4.0.2) from /Users/dse/.rvm/gems/ruby-2.0.0-p353@rails4/specifications/railties-4.0.2.gemspec
I, [2014-08-21T17:53:25.927368 #74212]  INFO -- : 0:  coffee-rails (4.0.1) from /Users/dse/.rvm/gems/ruby-2.0.0-p353@rails4/specifications/coffee-rails-4.0.1.gemspec
I, [2014-08-21T17:53:25.927663 #74212]  INFO -- : 0:  tilt (1.4.1) from /Users/dse/.rvm/gems/ruby-2.0.0-p353@rails4/specifications/tilt-1.4.1.gemspec
I, [2014-08-21T17:53:25.927951 #74212]  INFO -- : 0:  haml (4.0.5) from /Users/dse/.rvm/gems/ruby-2.0.0-p353@rails4/specifications/haml-4.0.5.gemspec
I, [2014-08-21T17:53:25.928239 #74212]  INFO -- : 0:  haml-rails (0.5.3) from /Users/dse/.rvm/gems/ruby-2.0.0-p353@rails4/specifications/haml-rails-0.5.3.gemspec
I, [2014-08-21T17:53:25.928529 #74212]  INFO -- : 0:  hike (1.2.3) from /Users/dse/.rvm/gems/ruby-2.0.0-p353@rails4/specifications/hike-1.2.3.gemspec
I, [2014-08-21T17:53:25.928829 #74212]  INFO -- : 0:  jbuilder (1.5.3) from /Users/dse/.rvm/gems/ruby-2.0.0-p353@rails4/specifications/jbuilder-1.5.3.gemspec
I, [2014-08-21T17:53:25.929128 #74212]  INFO -- : 0:  jquery-rails (3.1.1) from /Users/dse/.rvm/gems/ruby-2.0.0-p353@rails4/specifications/jquery-rails-3.1.1.gemspec
I, [2014-08-21T17:53:25.929419 #74212]  INFO -- : 0:  json (1.8.1) from /Users/dse/.rvm/gems/ruby-2.0.0-p353@rails4/specifications/json-1.8.1.gemspec
I, [2014-08-21T17:53:25.929717 #74212]  INFO -- : 0:  sprockets (2.11.0) from /Users/dse/.rvm/gems/ruby-2.0.0-p353@rails4/specifications/sprockets-2.11.0.gemspec
I, [2014-08-21T17:53:25.930005 #74212]  INFO -- : 0:  sprockets-rails (2.0.1) from /Users/dse/.rvm/gems/ruby-2.0.0-p353@rails4/specifications/sprockets-rails-2.0.1.gemspec
I, [2014-08-21T17:53:25.930287 #74212]  INFO -- : 0:  rails (4.0.2) from /Users/dse/.rvm/gems/ruby-2.0.0-p353@rails4/specifications/rails-4.0.2.gemspec
I, [2014-08-21T17:53:25.930547 #74212]  INFO -- : 0:  rdoc (4.1.1) from /Users/dse/.rvm/gems/ruby-2.0.0-p353@rails4/specifications/rdoc-4.1.1.gemspec
I, [2014-08-21T17:53:25.930809 #74212]  INFO -- : 0:  sass-rails (4.0.3) from /Users/dse/.rvm/gems/ruby-2.0.0-p353@rails4/specifications/sass-rails-4.0.3.gemspec
I, [2014-08-21T17:53:25.931070 #74212]  INFO -- : 0:  sdoc (0.4.1) from /Users/dse/.rvm/gems/ruby-2.0.0-p353@rails4/specifications/sdoc-0.4.1.gemspec
I, [2014-08-21T17:53:25.931328 #74212]  INFO -- : 0:  sqlite3 (1.3.9) from /Users/dse/.rvm/gems/ruby-2.0.0-p353@rails4/specifications/sqlite3-1.3.9.gemspec
I, [2014-08-21T17:53:25.931591 #74212]  INFO -- : 0:  turbolinks (2.2.3) from /Users/dse/.rvm/gems/ruby-2.0.0-p353@rails4/specifications/turbolinks-2.2.3.gemspec
I, [2014-08-21T17:53:25.931857 #74212]  INFO -- : 0:  uglifier (2.5.3) from /Users/dse/.rvm/gems/ruby-2.0.0-p353@rails4/specifications/uglifier-2.5.3.gemspec
I, [2014-08-27T16:52:47.162593 #95852]  INFO -- : 0:  rake (10.3.2) from /Users/dse/.rvm/gems/ruby-2.0.0-p353@rails4/specifications/rake-10.3.2.gemspec
I, [2014-08-27T16:52:47.194195 #95852]  INFO -- : 0:  i18n (0.6.11) from /Users/dse/.rvm/gems/ruby-2.0.0-p353@rails4/specifications/i18n-0.6.11.gemspec
I, [2014-08-27T16:52:47.194683 #95852]  INFO -- : 0:  minitest (4.7.5) from /Users/dse/.rvm/gems/ruby-2.0.0-p353@rails4/specifications/minitest-4.7.5.gemspec
I, [2014-08-27T16:52:47.195086 #95852]  INFO -- : 0:  multi_json (1.10.1) from /Users/dse/.rvm/gems/ruby-2.0.0-p353@rails4/specifications/multi_json-1.10.1.gemspec
I, [2014-08-27T16:52:47.195483 #95852]  INFO -- : 0:  thread_safe (0.3.4) from /Users/dse/.rvm/gems/ruby-2.0.0-p353@rails4/specifications/thread_safe-0.3.4.gemspec
I, [2014-08-27T16:52:47.195792 #95852]  INFO -- : 0:  tzinfo (0.3.41) from /Users/dse/.rvm/gems/ruby-2.0.0-p353@rails4/specifications/tzinfo-0.3.41.gemspec
I, [2014-08-27T16:52:47.196098 #95852]  INFO -- : 0:  activesupport (4.0.2) from /Users/dse/.rvm/gems/ruby-2.0.0-p353@rails4/specifications/activesupport-4.0.2.gemspec
I, [2014-08-27T16:52:47.196396 #95852]  INFO -- : 0:  builder (3.1.4) from /Users/dse/.rvm/gems/ruby-2.0.0-p353@rails4/specifications/builder-3.1.4.gemspec
I, [2014-08-27T16:52:47.196681 #95852]  INFO -- : 0:  erubis (2.7.0) from /Users/dse/.rvm/gems/ruby-2.0.0-p353@rails4/specifications/erubis-2.7.0.gemspec
I, [2014-08-27T16:52:47.196975 #95852]  INFO -- : 0:  rack (1.5.2) from /Users/dse/.rvm/gems/ruby-2.0.0-p353@rails4/specifications/rack-1.5.2.gemspec
I, [2014-08-27T16:52:47.197257 #95852]  INFO -- : 0:  rack-test (0.6.2) from /Users/dse/.rvm/gems/ruby-2.0.0-p353@rails4/specifications/rack-test-0.6.2.gemspec
I, [2014-08-27T16:52:47.197552 #95852]  INFO -- : 0:  actionpack (4.0.2) from /Users/dse/.rvm/gems/ruby-2.0.0-p353@rails4/specifications/actionpack-4.0.2.gemspec
I, [2014-08-27T16:52:47.197839 #95852]  INFO -- : 0:  mime-types (1.25.1) from /Users/dse/.rvm/gems/ruby-2.0.0-p353@rails4/specifications/mime-types-1.25.1.gemspec
I, [2014-08-27T16:52:47.198130 #95852]  INFO -- : 0:  polyglot (0.3.5) from /Users/dse/.rvm/gems/ruby-2.0.0-p353@rails4/specifications/polyglot-0.3.5.gemspec
I, [2014-08-27T16:52:47.198425 #95852]  INFO -- : 0:  treetop (1.4.15) from /Users/dse/.rvm/gems/ruby-2.0.0-p353@rails4/specifications/treetop-1.4.15.gemspec
I, [2014-08-27T16:52:47.198710 #95852]  INFO -- : 0:  mail (2.5.4) from /Users/dse/.rvm/gems/ruby-2.0.0-p353@rails4/specifications/mail-2.5.4.gemspec
I, [2014-08-27T16:52:47.199008 #95852]  INFO -- : 0:  actionmailer (4.0.2) from /Users/dse/.rvm/gems/ruby-2.0.0-p353@rails4/specifications/actionmailer-4.0.2.gemspec
I, [2014-08-27T16:52:47.199298 #95852]  INFO -- : 0:  activemodel (4.0.2) from /Users/dse/.rvm/gems/ruby-2.0.0-p353@rails4/specifications/activemodel-4.0.2.gemspec
I, [2014-08-27T16:52:47.199579 #95852]  INFO -- : 0:  activerecord-deprecated_finders (1.0.3) from /Users/dse/.rvm/gems/ruby-2.0.0-p353@rails4/specifications/activerecord-deprecated_finders-1.0.3.gemspec
I, [2014-08-27T16:52:47.199864 #95852]  INFO -- : 0:  arel (4.0.2) from /Users/dse/.rvm/gems/ruby-2.0.0-p353@rails4/specifications/arel-4.0.2.gemspec
I, [2014-08-27T16:52:47.200156 #95852]  INFO -- : 0:  activerecord (4.0.2) from /Users/dse/.rvm/gems/ruby-2.0.0-p353@rails4/specifications/activerecord-4.0.2.gemspec
I, [2014-08-27T16:52:47.200445 #95852]  INFO -- : 0:  sass (3.2.19) from /Users/dse/.rvm/gems/ruby-2.0.0-p353@rails4/specifications/sass-3.2.19.gemspec
I, [2014-08-27T16:52:47.200725 #95852]  INFO -- : 0:  bootstrap-sass (3.2.0.1) from /Users/dse/.rvm/gems/ruby-2.0.0-p353@rails4/specifications/bootstrap-sass-3.2.0.1.gemspec
I, [2014-08-27T16:52:47.200994 #95852]  INFO -- : 0:  bundler (1.5.1) from /Users/dse/.rvm/gems/ruby-2.0.0-p353@global/specifications/bundler-1.5.1.gemspec
I, [2014-08-27T16:52:48.599767 #95852]  INFO -- : 0:  client_side_validations (3.2.6) from /Users/dse/.rvm/gems/ruby-2.0.0-p353@rails4/specifications/client_side_validations-3.2.6.gemspec
I, [2014-08-27T16:52:48.600243 #95852]  INFO -- : 0:  coffee-script-source (1.7.1) from /Users/dse/.rvm/gems/ruby-2.0.0-p353@rails4/specifications/coffee-script-source-1.7.1.gemspec
I, [2014-08-27T16:52:48.600528 #95852]  INFO -- : 0:  execjs (2.2.1) from /Users/dse/.rvm/gems/ruby-2.0.0-p353@rails4/specifications/execjs-2.2.1.gemspec
I, [2014-08-27T16:52:48.600776 #95852]  INFO -- : 0:  coffee-script (2.3.0) from /Users/dse/.rvm/gems/ruby-2.0.0-p353@rails4/specifications/coffee-script-2.3.0.gemspec
I, [2014-08-27T16:52:48.601024 #95852]  INFO -- : 0:  thor (0.19.1) from /Users/dse/.rvm/gems/ruby-2.0.0-p353@rails4/specifications/thor-0.19.1.gemspec
I, [2014-08-27T16:52:48.601276 #95852]  INFO -- : 0:  railties (4.0.2) from /Users/dse/.rvm/gems/ruby-2.0.0-p353@rails4/specifications/railties-4.0.2.gemspec
I, [2014-08-27T16:52:48.601521 #95852]  INFO -- : 0:  coffee-rails (4.0.1) from /Users/dse/.rvm/gems/ruby-2.0.0-p353@rails4/specifications/coffee-rails-4.0.1.gemspec
I, [2014-08-27T16:52:48.601759 #95852]  INFO -- : 0:  tilt (1.4.1) from /Users/dse/.rvm/gems/ruby-2.0.0-p353@rails4/specifications/tilt-1.4.1.gemspec
I, [2014-08-27T16:52:48.601991 #95852]  INFO -- : 0:  haml (4.0.5) from /Users/dse/.rvm/gems/ruby-2.0.0-p353@rails4/specifications/haml-4.0.5.gemspec
I, [2014-08-27T16:52:48.602229 #95852]  INFO -- : 0:  haml-rails (0.5.3) from /Users/dse/.rvm/gems/ruby-2.0.0-p353@rails4/specifications/haml-rails-0.5.3.gemspec
I, [2014-08-27T16:52:48.602465 #95852]  INFO -- : 0:  hike (1.2.3) from /Users/dse/.rvm/gems/ruby-2.0.0-p353@rails4/specifications/hike-1.2.3.gemspec
I, [2014-08-27T16:52:48.602731 #95852]  INFO -- : 0:  jbuilder (1.5.3) from /Users/dse/.rvm/gems/ruby-2.0.0-p353@rails4/specifications/jbuilder-1.5.3.gemspec
I, [2014-08-27T16:52:48.603198 #95852]  INFO -- : 0:  jquery-rails (3.1.1) from /Users/dse/.rvm/gems/ruby-2.0.0-p353@rails4/specifications/jquery-rails-3.1.1.gemspec
I, [2014-08-27T16:52:48.603537 #95852]  INFO -- : 0:  json (1.8.1) from /Users/dse/.rvm/gems/ruby-2.0.0-p353@rails4/specifications/json-1.8.1.gemspec
I, [2014-08-27T16:52:48.603817 #95852]  INFO -- : 0:  kgio (2.9.2) from /Users/dse/.rvm/gems/ruby-2.0.0-p353@rails4/specifications/kgio-2.9.2.gemspec
I, [2014-08-27T16:52:48.604099 #95852]  INFO -- : 0:  sprockets (2.11.0) from /Users/dse/.rvm/gems/ruby-2.0.0-p353@rails4/specifications/sprockets-2.11.0.gemspec
I, [2014-08-27T16:52:48.604338 #95852]  INFO -- : 0:  sprockets-rails (2.0.1) from /Users/dse/.rvm/gems/ruby-2.0.0-p353@rails4/specifications/sprockets-rails-2.0.1.gemspec
I, [2014-08-27T16:52:48.604582 #95852]  INFO -- : 0:  rails (4.0.2) from /Users/dse/.rvm/gems/ruby-2.0.0-p353@rails4/specifications/rails-4.0.2.gemspec
I, [2014-08-27T16:52:48.604814 #95852]  INFO -- : 0:  raindrops (0.13.0) from /Users/dse/.rvm/gems/ruby-2.0.0-p353@rails4/specifications/raindrops-0.13.0.gemspec
I, [2014-08-27T16:52:48.605119 #95852]  INFO -- : 0:  rdoc (4.1.1) from /Users/dse/.rvm/gems/ruby-2.0.0-p353@rails4/specifications/rdoc-4.1.1.gemspec
I, [2014-08-27T16:52:48.605387 #95852]  INFO -- : 0:  sass-rails (4.0.3) from /Users/dse/.rvm/gems/ruby-2.0.0-p353@rails4/specifications/sass-rails-4.0.3.gemspec
I, [2014-08-27T16:52:48.605624 #95852]  INFO -- : 0:  sdoc (0.4.1) from /Users/dse/.rvm/gems/ruby-2.0.0-p353@rails4/specifications/sdoc-0.4.1.gemspec
I, [2014-08-27T16:52:48.605860 #95852]  INFO -- : 0:  sqlite3 (1.3.9) from /Users/dse/.rvm/gems/ruby-2.0.0-p353@rails4/specifications/sqlite3-1.3.9.gemspec
I, [2014-08-27T16:52:48.606100 #95852]  INFO -- : 0:  turbolinks (2.2.3) from /Users/dse/.rvm/gems/ruby-2.0.0-p353@rails4/specifications/turbolinks-2.2.3.gemspec
I, [2014-08-27T16:52:48.606343 #95852]  INFO -- : 0:  uglifier (2.5.3) from /Users/dse/.rvm/gems/ruby-2.0.0-p353@rails4/specifications/uglifier-2.5.3.gemspec
I, [2014-08-27T16:52:48.606689 #95852]  INFO -- : 0:  unicorn (4.8.3) from /Users/dse/.rvm/gems/ruby-2.0.0-p353@rails4/specifications/unicorn-4.8.3.gemspec
I, [2014-08-27T17:04:20.063798 #95893]  INFO -- : 0:  rake (10.3.2) from /Users/dse/.rvm/gems/ruby-2.0.0-p353@rails4/specifications/rake-10.3.2.gemspec
I, [2014-08-27T17:04:20.064146 #95893]  INFO -- : 0:  i18n (0.6.11) from /Users/dse/.rvm/gems/ruby-2.0.0-p353@rails4/specifications/i18n-0.6.11.gemspec
I, [2014-08-27T17:04:20.064386 #95893]  INFO -- : 0:  minitest (4.7.5) from /Users/dse/.rvm/gems/ruby-2.0.0-p353@rails4/specifications/minitest-4.7.5.gemspec
I, [2014-08-27T17:04:20.064628 #95893]  INFO -- : 0:  multi_json (1.10.1) from /Users/dse/.rvm/gems/ruby-2.0.0-p353@rails4/specifications/multi_json-1.10.1.gemspec
I, [2014-08-27T17:04:20.064852 #95893]  INFO -- : 0:  thread_safe (0.3.4) from /Users/dse/.rvm/gems/ruby-2.0.0-p353@rails4/specifications/thread_safe-0.3.4.gemspec
I, [2014-08-27T17:04:20.065069 #95893]  INFO -- : 0:  tzinfo (0.3.41) from /Users/dse/.rvm/gems/ruby-2.0.0-p353@rails4/specifications/tzinfo-0.3.41.gemspec
I, [2014-08-27T17:04:20.065284 #95893]  INFO -- : 0:  activesupport (4.0.2) from /Users/dse/.rvm/gems/ruby-2.0.0-p353@rails4/specifications/activesupport-4.0.2.gemspec
I, [2014-08-27T17:04:20.065491 #95893]  INFO -- : 0:  builder (3.1.4) from /Users/dse/.rvm/gems/ruby-2.0.0-p353@rails4/specifications/builder-3.1.4.gemspec
I, [2014-08-27T17:04:20.065694 #95893]  INFO -- : 0:  erubis (2.7.0) from /Users/dse/.rvm/gems/ruby-2.0.0-p353@rails4/specifications/erubis-2.7.0.gemspec
I, [2014-08-27T17:04:20.065899 #95893]  INFO -- : 0:  rack (1.5.2) from /Users/dse/.rvm/gems/ruby-2.0.0-p353@rails4/specifications/rack-1.5.2.gemspec
I, [2014-08-27T17:04:20.066107 #95893]  INFO -- : 0:  rack-test (0.6.2) from /Users/dse/.rvm/gems/ruby-2.0.0-p353@rails4/specifications/rack-test-0.6.2.gemspec
I, [2014-08-27T17:04:20.066321 #95893]  INFO -- : 0:  actionpack (4.0.2) from /Users/dse/.rvm/gems/ruby-2.0.0-p353@rails4/specifications/actionpack-4.0.2.gemspec
I, [2014-08-27T17:04:20.066527 #95893]  INFO -- : 0:  mime-types (1.25.1) from /Users/dse/.rvm/gems/ruby-2.0.0-p353@rails4/specifications/mime-types-1.25.1.gemspec
I, [2014-08-27T17:04:20.066737 #95893]  INFO -- : 0:  polyglot (0.3.5) from /Users/dse/.rvm/gems/ruby-2.0.0-p353@rails4/specifications/polyglot-0.3.5.gemspec
I, [2014-08-27T17:04:20.066944 #95893]  INFO -- : 0:  treetop (1.4.15) from /Users/dse/.rvm/gems/ruby-2.0.0-p353@rails4/specifications/treetop-1.4.15.gemspec
I, [2014-08-27T17:04:20.067164 #95893]  INFO -- : 0:  mail (2.5.4) from /Users/dse/.rvm/gems/ruby-2.0.0-p353@rails4/specifications/mail-2.5.4.gemspec
I, [2014-08-27T17:04:20.067373 #95893]  INFO -- : 0:  actionmailer (4.0.2) from /Users/dse/.rvm/gems/ruby-2.0.0-p353@rails4/specifications/actionmailer-4.0.2.gemspec
I, [2014-08-27T17:04:20.067582 #95893]  INFO -- : 0:  activemodel (4.0.2) from /Users/dse/.rvm/gems/ruby-2.0.0-p353@rails4/specifications/activemodel-4.0.2.gemspec
I, [2014-08-27T17:04:20.067784 #95893]  INFO -- : 0:  activerecord-deprecated_finders (1.0.3) from /Users/dse/.rvm/gems/ruby-2.0.0-p353@rails4/specifications/activerecord-deprecated_finders-1.0.3.gemspec
I, [2014-08-27T17:04:20.067990 #95893]  INFO -- : 0:  arel (4.0.2) from /Users/dse/.rvm/gems/ruby-2.0.0-p353@rails4/specifications/arel-4.0.2.gemspec
I, [2014-08-27T17:04:20.068198 #95893]  INFO -- : 0:  activerecord (4.0.2) from /Users/dse/.rvm/gems/ruby-2.0.0-p353@rails4/specifications/activerecord-4.0.2.gemspec
I, [2014-08-27T17:04:20.068405 #95893]  INFO -- : 0:  sass (3.2.19) from /Users/dse/.rvm/gems/ruby-2.0.0-p353@rails4/specifications/sass-3.2.19.gemspec
I, [2014-08-27T17:04:20.068603 #95893]  INFO -- : 0:  bootstrap-sass (3.2.0.1) from /Users/dse/.rvm/gems/ruby-2.0.0-p353@rails4/specifications/bootstrap-sass-3.2.0.1.gemspec
I, [2014-08-27T17:04:20.068793 #95893]  INFO -- : 0:  bundler (1.5.1) from /Users/dse/.rvm/gems/ruby-2.0.0-p353@global/specifications/bundler-1.5.1.gemspec
I, [2014-08-27T17:04:20.173621 #95893]  INFO -- : 0:  client_side_validations (3.2.2) from /Users/dse/.rvm/gems/ruby-2.0.0-p353@rails4/bundler/gems/client_side_validations-9461cb92e1df/client_side_validations.gemspec
I, [2014-08-27T17:04:20.174227 #95893]  INFO -- : 0:  coffee-script-source (1.7.1) from /Users/dse/.rvm/gems/ruby-2.0.0-p353@rails4/specifications/coffee-script-source-1.7.1.gemspec
I, [2014-08-27T17:04:20.174673 #95893]  INFO -- : 0:  execjs (2.2.1) from /Users/dse/.rvm/gems/ruby-2.0.0-p353@rails4/specifications/execjs-2.2.1.gemspec
I, [2014-08-27T17:04:20.175103 #95893]  INFO -- : 0:  coffee-script (2.3.0) from /Users/dse/.rvm/gems/ruby-2.0.0-p353@rails4/specifications/coffee-script-2.3.0.gemspec
I, [2014-08-27T17:04:20.175428 #95893]  INFO -- : 0:  thor (0.19.1) from /Users/dse/.rvm/gems/ruby-2.0.0-p353@rails4/specifications/thor-0.19.1.gemspec
I, [2014-08-27T17:04:20.175759 #95893]  INFO -- : 0:  railties (4.0.2) from /Users/dse/.rvm/gems/ruby-2.0.0-p353@rails4/specifications/railties-4.0.2.gemspec
I, [2014-08-27T17:04:20.176139 #95893]  INFO -- : 0:  coffee-rails (4.0.1) from /Users/dse/.rvm/gems/ruby-2.0.0-p353@rails4/specifications/coffee-rails-4.0.1.gemspec
I, [2014-08-27T17:04:20.176458 #95893]  INFO -- : 0:  tilt (1.4.1) from /Users/dse/.rvm/gems/ruby-2.0.0-p353@rails4/specifications/tilt-1.4.1.gemspec
I, [2014-08-27T17:04:20.176778 #95893]  INFO -- : 0:  haml (4.0.5) from /Users/dse/.rvm/gems/ruby-2.0.0-p353@rails4/specifications/haml-4.0.5.gemspec
I, [2014-08-27T17:04:20.177052 #95893]  INFO -- : 0:  haml-rails (0.5.3) from /Users/dse/.rvm/gems/ruby-2.0.0-p353@rails4/specifications/haml-rails-0.5.3.gemspec
I, [2014-08-27T17:04:20.177324 #95893]  INFO -- : 0:  hike (1.2.3) from /Users/dse/.rvm/gems/ruby-2.0.0-p353@rails4/specifications/hike-1.2.3.gemspec
I, [2014-08-27T17:04:20.177596 #95893]  INFO -- : 0:  jbuilder (1.5.3) from /Users/dse/.rvm/gems/ruby-2.0.0-p353@rails4/specifications/jbuilder-1.5.3.gemspec
I, [2014-08-27T17:04:20.177878 #95893]  INFO -- : 0:  jquery-rails (3.1.1) from /Users/dse/.rvm/gems/ruby-2.0.0-p353@rails4/specifications/jquery-rails-3.1.1.gemspec
I, [2014-08-27T17:04:20.178154 #95893]  INFO -- : 0:  json (1.8.1) from /Users/dse/.rvm/gems/ruby-2.0.0-p353@rails4/specifications/json-1.8.1.gemspec
I, [2014-08-27T17:04:20.178422 #95893]  INFO -- : 0:  kgio (2.9.2) from /Users/dse/.rvm/gems/ruby-2.0.0-p353@rails4/specifications/kgio-2.9.2.gemspec
I, [2014-08-27T17:04:20.178702 #95893]  INFO -- : 0:  sprockets (2.11.0) from /Users/dse/.rvm/gems/ruby-2.0.0-p353@rails4/specifications/sprockets-2.11.0.gemspec
I, [2014-08-27T17:04:20.179006 #95893]  INFO -- : 0:  sprockets-rails (2.0.1) from /Users/dse/.rvm/gems/ruby-2.0.0-p353@rails4/specifications/sprockets-rails-2.0.1.gemspec
I, [2014-08-27T17:04:20.179287 #95893]  INFO -- : 0:  rails (4.0.2) from /Users/dse/.rvm/gems/ruby-2.0.0-p353@rails4/specifications/rails-4.0.2.gemspec
I, [2014-08-27T17:04:20.179558 #95893]  INFO -- : 0:  raindrops (0.13.0) from /Users/dse/.rvm/gems/ruby-2.0.0-p353@rails4/specifications/raindrops-0.13.0.gemspec
I, [2014-08-27T17:04:20.179828 #95893]  INFO -- : 0:  rdoc (4.1.1) from /Users/dse/.rvm/gems/ruby-2.0.0-p353@rails4/specifications/rdoc-4.1.1.gemspec
I, [2014-08-27T17:04:20.180105 #95893]  INFO -- : 0:  sass-rails (4.0.3) from /Users/dse/.rvm/gems/ruby-2.0.0-p353@rails4/specifications/sass-rails-4.0.3.gemspec
I, [2014-08-27T17:04:20.180380 #95893]  INFO -- : 0:  sdoc (0.4.1) from /Users/dse/.rvm/gems/ruby-2.0.0-p353@rails4/specifications/sdoc-0.4.1.gemspec
I, [2014-08-27T17:04:20.180654 #95893]  INFO -- : 0:  sqlite3 (1.3.9) from /Users/dse/.rvm/gems/ruby-2.0.0-p353@rails4/specifications/sqlite3-1.3.9.gemspec
I, [2014-08-27T17:04:20.180933 #95893]  INFO -- : 0:  turbolinks (2.2.3) from /Users/dse/.rvm/gems/ruby-2.0.0-p353@rails4/specifications/turbolinks-2.2.3.gemspec
I, [2014-08-27T17:04:20.181237 #95893]  INFO -- : 0:  uglifier (2.5.3) from /Users/dse/.rvm/gems/ruby-2.0.0-p353@rails4/specifications/uglifier-2.5.3.gemspec
I, [2014-08-27T17:04:20.181529 #95893]  INFO -- : 0:  unicorn (4.8.3) from /Users/dse/.rvm/gems/ruby-2.0.0-p353@rails4/specifications/unicorn-4.8.3.gemspec
I, [2014-08-27T17:23:55.814824 #96020]  INFO -- : 0:  rake (10.3.2) from /Users/dse/.rvm/gems/ruby-2.0.0-p353@rails4/specifications/rake-10.3.2.gemspec
I, [2014-08-27T17:23:55.854473 #96020]  INFO -- : 0:  i18n (0.6.11) from /Users/dse/.rvm/gems/ruby-2.0.0-p353@rails4/specifications/i18n-0.6.11.gemspec
I, [2014-08-27T17:23:55.854974 #96020]  INFO -- : 0:  minitest (4.7.5) from /Users/dse/.rvm/gems/ruby-2.0.0-p353@rails4/specifications/minitest-4.7.5.gemspec
I, [2014-08-27T17:23:55.855384 #96020]  INFO -- : 0:  multi_json (1.10.1) from /Users/dse/.rvm/gems/ruby-2.0.0-p353@rails4/specifications/multi_json-1.10.1.gemspec
I, [2014-08-27T17:23:55.855783 #96020]  INFO -- : 0:  thread_safe (0.3.4) from /Users/dse/.rvm/gems/ruby-2.0.0-p353@rails4/specifications/thread_safe-0.3.4.gemspec
I, [2014-08-27T17:23:55.856183 #96020]  INFO -- : 0:  tzinfo (0.3.41) from /Users/dse/.rvm/gems/ruby-2.0.0-p353@rails4/specifications/tzinfo-0.3.41.gemspec
I, [2014-08-27T17:23:55.856582 #96020]  INFO -- : 0:  activesupport (4.0.2) from /Users/dse/.rvm/gems/ruby-2.0.0-p353@rails4/specifications/activesupport-4.0.2.gemspec
I, [2014-08-27T17:23:55.857066 #96020]  INFO -- : 0:  builder (3.1.4) from /Users/dse/.rvm/gems/ruby-2.0.0-p353@rails4/specifications/builder-3.1.4.gemspec
I, [2014-08-27T17:23:55.857457 #96020]  INFO -- : 0:  erubis (2.7.0) from /Users/dse/.rvm/gems/ruby-2.0.0-p353@rails4/specifications/erubis-2.7.0.gemspec
I, [2014-08-27T17:23:55.857812 #96020]  INFO -- : 0:  rack (1.5.2) from /Users/dse/.rvm/gems/ruby-2.0.0-p353@rails4/specifications/rack-1.5.2.gemspec
I, [2014-08-27T17:23:55.858094 #96020]  INFO -- : 0:  rack-test (0.6.2) from /Users/dse/.rvm/gems/ruby-2.0.0-p353@rails4/specifications/rack-test-0.6.2.gemspec
I, [2014-08-27T17:23:55.858388 #96020]  INFO -- : 0:  actionpack (4.0.2) from /Users/dse/.rvm/gems/ruby-2.0.0-p353@rails4/specifications/actionpack-4.0.2.gemspec
I, [2014-08-27T17:23:55.858676 #96020]  INFO -- : 0:  mime-types (1.25.1) from /Users/dse/.rvm/gems/ruby-2.0.0-p353@rails4/specifications/mime-types-1.25.1.gemspec
I, [2014-08-27T17:23:55.858965 #96020]  INFO -- : 0:  polyglot (0.3.5) from /Users/dse/.rvm/gems/ruby-2.0.0-p353@rails4/specifications/polyglot-0.3.5.gemspec
I, [2014-08-27T17:23:55.859251 #96020]  INFO -- : 0:  treetop (1.4.15) from /Users/dse/.rvm/gems/ruby-2.0.0-p353@rails4/specifications/treetop-1.4.15.gemspec
I, [2014-08-27T17:23:55.859535 #96020]  INFO -- : 0:  mail (2.5.4) from /Users/dse/.rvm/gems/ruby-2.0.0-p353@rails4/specifications/mail-2.5.4.gemspec
I, [2014-08-27T17:23:55.859869 #96020]  INFO -- : 0:  actionmailer (4.0.2) from /Users/dse/.rvm/gems/ruby-2.0.0-p353@rails4/specifications/actionmailer-4.0.2.gemspec
I, [2014-08-27T17:23:55.860162 #96020]  INFO -- : 0:  activemodel (4.0.2) from /Users/dse/.rvm/gems/ruby-2.0.0-p353@rails4/specifications/activemodel-4.0.2.gemspec
I, [2014-08-27T17:23:55.860445 #96020]  INFO -- : 0:  activerecord-deprecated_finders (1.0.3) from /Users/dse/.rvm/gems/ruby-2.0.0-p353@rails4/specifications/activerecord-deprecated_finders-1.0.3.gemspec
I, [2014-08-27T17:23:55.860731 #96020]  INFO -- : 0:  arel (4.0.2) from /Users/dse/.rvm/gems/ruby-2.0.0-p353@rails4/specifications/arel-4.0.2.gemspec
I, [2014-08-27T17:23:55.861022 #96020]  INFO -- : 0:  activerecord (4.0.2) from /Users/dse/.rvm/gems/ruby-2.0.0-p353@rails4/specifications/activerecord-4.0.2.gemspec
I, [2014-08-27T17:23:55.861312 #96020]  INFO -- : 0:  sass (3.2.19) from /Users/dse/.rvm/gems/ruby-2.0.0-p353@rails4/specifications/sass-3.2.19.gemspec
I, [2014-08-27T17:23:55.861595 #96020]  INFO -- : 0:  bootstrap-sass (3.2.0.1) from /Users/dse/.rvm/gems/ruby-2.0.0-p353@rails4/specifications/bootstrap-sass-3.2.0.1.gemspec
I, [2014-08-27T17:23:55.861865 #96020]  INFO -- : 0:  bundler (1.5.1) from /Users/dse/.rvm/gems/ruby-2.0.0-p353@global/specifications/bundler-1.5.1.gemspec
I, [2014-08-27T17:23:55.862156 #96020]  INFO -- : 0:  coffee-script-source (1.7.1) from /Users/dse/.rvm/gems/ruby-2.0.0-p353@rails4/specifications/coffee-script-source-1.7.1.gemspec
I, [2014-08-27T17:23:55.862447 #96020]  INFO -- : 0:  execjs (2.2.1) from /Users/dse/.rvm/gems/ruby-2.0.0-p353@rails4/specifications/execjs-2.2.1.gemspec
I, [2014-08-27T17:23:55.862731 #96020]  INFO -- : 0:  coffee-script (2.3.0) from /Users/dse/.rvm/gems/ruby-2.0.0-p353@rails4/specifications/coffee-script-2.3.0.gemspec
I, [2014-08-27T17:23:55.863018 #96020]  INFO -- : 0:  thor (0.19.1) from /Users/dse/.rvm/gems/ruby-2.0.0-p353@rails4/specifications/thor-0.19.1.gemspec
I, [2014-08-27T17:23:55.863310 #96020]  INFO -- : 0:  railties (4.0.2) from /Users/dse/.rvm/gems/ruby-2.0.0-p353@rails4/specifications/railties-4.0.2.gemspec
I, [2014-08-27T17:23:55.863600 #96020]  INFO -- : 0:  coffee-rails (4.0.1) from /Users/dse/.rvm/gems/ruby-2.0.0-p353@rails4/specifications/coffee-rails-4.0.1.gemspec
I, [2014-08-27T17:23:55.863890 #96020]  INFO -- : 0:  tilt (1.4.1) from /Users/dse/.rvm/gems/ruby-2.0.0-p353@rails4/specifications/tilt-1.4.1.gemspec
I, [2014-08-27T17:23:55.864190 #96020]  INFO -- : 0:  haml (4.0.5) from /Users/dse/.rvm/gems/ruby-2.0.0-p353@rails4/specifications/haml-4.0.5.gemspec
I, [2014-08-27T17:23:55.864447 #96020]  INFO -- : 0:  haml-rails (0.5.3) from /Users/dse/.rvm/gems/ruby-2.0.0-p353@rails4/specifications/haml-rails-0.5.3.gemspec
I, [2014-08-27T17:23:55.864703 #96020]  INFO -- : 0:  hike (1.2.3) from /Users/dse/.rvm/gems/ruby-2.0.0-p353@rails4/specifications/hike-1.2.3.gemspec
I, [2014-08-27T17:23:55.864978 #96020]  INFO -- : 0:  jbuilder (1.5.3) from /Users/dse/.rvm/gems/ruby-2.0.0-p353@rails4/specifications/jbuilder-1.5.3.gemspec
I, [2014-08-27T17:23:55.865243 #96020]  INFO -- : 0:  jquery-rails (3.1.1) from /Users/dse/.rvm/gems/ruby-2.0.0-p353@rails4/specifications/jquery-rails-3.1.1.gemspec
I, [2014-08-27T17:23:55.865499 #96020]  INFO -- : 0:  json (1.8.1) from /Users/dse/.rvm/gems/ruby-2.0.0-p353@rails4/specifications/json-1.8.1.gemspec
I, [2014-08-27T17:23:55.865752 #96020]  INFO -- : 0:  kgio (2.9.2) from /Users/dse/.rvm/gems/ruby-2.0.0-p353@rails4/specifications/kgio-2.9.2.gemspec
I, [2014-08-27T17:23:55.866014 #96020]  INFO -- : 0:  sprockets (2.11.0) from /Users/dse/.rvm/gems/ruby-2.0.0-p353@rails4/specifications/sprockets-2.11.0.gemspec
I, [2014-08-27T17:23:55.866268 #96020]  INFO -- : 0:  sprockets-rails (2.0.1) from /Users/dse/.rvm/gems/ruby-2.0.0-p353@rails4/specifications/sprockets-rails-2.0.1.gemspec
I, [2014-08-27T17:23:55.866527 #96020]  INFO -- : 0:  rails (4.0.2) from /Users/dse/.rvm/gems/ruby-2.0.0-p353@rails4/specifications/rails-4.0.2.gemspec
I, [2014-08-27T17:23:58.348608 #96020]  INFO -- : 0:  rails4_client_side_validations (0.0.4) from /Users/dse/.rvm/gems/ruby-2.0.0-p353@rails4/specifications/rails4_client_side_validations-0.0.4.gemspec
I, [2014-08-27T17:23:58.349109 #96020]  INFO -- : 0:  raindrops (0.13.0) from /Users/dse/.rvm/gems/ruby-2.0.0-p353@rails4/specifications/raindrops-0.13.0.gemspec
I, [2014-08-27T17:23:58.349427 #96020]  INFO -- : 0:  rdoc (4.1.1) from /Users/dse/.rvm/gems/ruby-2.0.0-p353@rails4/specifications/rdoc-4.1.1.gemspec
I, [2014-08-27T17:23:58.349751 #96020]  INFO -- : 0:  sass-rails (4.0.3) from /Users/dse/.rvm/gems/ruby-2.0.0-p353@rails4/specifications/sass-rails-4.0.3.gemspec
I, [2014-08-27T17:23:58.350058 #96020]  INFO -- : 0:  sdoc (0.4.1) from /Users/dse/.rvm/gems/ruby-2.0.0-p353@rails4/specifications/sdoc-0.4.1.gemspec
I, [2014-08-27T17:23:58.350409 #96020]  INFO -- : 0:  sqlite3 (1.3.9) from /Users/dse/.rvm/gems/ruby-2.0.0-p353@rails4/specifications/sqlite3-1.3.9.gemspec
I, [2014-08-27T17:23:58.350701 #96020]  INFO -- : 0:  turbolinks (2.2.3) from /Users/dse/.rvm/gems/ruby-2.0.0-p353@rails4/specifications/turbolinks-2.2.3.gemspec
I, [2014-08-27T17:23:58.351012 #96020]  INFO -- : 0:  uglifier (2.5.3) from /Users/dse/.rvm/gems/ruby-2.0.0-p353@rails4/specifications/uglifier-2.5.3.gemspec
I, [2014-08-27T17:23:58.351310 #96020]  INFO -- : 0:  unicorn (4.8.3) from /Users/dse/.rvm/gems/ruby-2.0.0-p353@rails4/specifications/unicorn-4.8.3.gemspec
I, [2014-08-27T17:36:50.390041 #96061]  INFO -- : 0:  rake (10.3.2) from /Users/dse/.rvm/gems/ruby-2.0.0-p353@rails4/specifications/rake-10.3.2.gemspec
I, [2014-08-27T17:36:50.390406 #96061]  INFO -- : 0:  i18n (0.6.11) from /Users/dse/.rvm/gems/ruby-2.0.0-p353@rails4/specifications/i18n-0.6.11.gemspec
I, [2014-08-27T17:36:50.390635 #96061]  INFO -- : 0:  minitest (4.7.5) from /Users/dse/.rvm/gems/ruby-2.0.0-p353@rails4/specifications/minitest-4.7.5.gemspec
I, [2014-08-27T17:36:50.390863 #96061]  INFO -- : 0:  multi_json (1.10.1) from /Users/dse/.rvm/gems/ruby-2.0.0-p353@rails4/specifications/multi_json-1.10.1.gemspec
I, [2014-08-27T17:36:50.391086 #96061]  INFO -- : 0:  thread_safe (0.3.4) from /Users/dse/.rvm/gems/ruby-2.0.0-p353@rails4/specifications/thread_safe-0.3.4.gemspec
I, [2014-08-27T17:36:50.391301 #96061]  INFO -- : 0:  tzinfo (0.3.41) from /Users/dse/.rvm/gems/ruby-2.0.0-p353@rails4/specifications/tzinfo-0.3.41.gemspec
I, [2014-08-27T17:36:50.391557 #96061]  INFO -- : 0:  activesupport (4.0.2) from /Users/dse/.rvm/gems/ruby-2.0.0-p353@rails4/specifications/activesupport-4.0.2.gemspec
I, [2014-08-27T17:36:50.392018 #96061]  INFO -- : 0:  builder (3.1.4) from /Users/dse/.rvm/gems/ruby-2.0.0-p353@rails4/specifications/builder-3.1.4.gemspec
I, [2014-08-27T17:36:50.392430 #96061]  INFO -- : 0:  erubis (2.7.0) from /Users/dse/.rvm/gems/ruby-2.0.0-p353@rails4/specifications/erubis-2.7.0.gemspec
I, [2014-08-27T17:36:50.392796 #96061]  INFO -- : 0:  rack (1.5.2) from /Users/dse/.rvm/gems/ruby-2.0.0-p353@rails4/specifications/rack-1.5.2.gemspec
I, [2014-08-27T17:36:50.393116 #96061]  INFO -- : 0:  rack-test (0.6.2) from /Users/dse/.rvm/gems/ruby-2.0.0-p353@rails4/specifications/rack-test-0.6.2.gemspec
I, [2014-08-27T17:36:50.393431 #96061]  INFO -- : 0:  actionpack (4.0.2) from /Users/dse/.rvm/gems/ruby-2.0.0-p353@rails4/specifications/actionpack-4.0.2.gemspec
I, [2014-08-27T17:36:50.393735 #96061]  INFO -- : 0:  mime-types (1.25.1) from /Users/dse/.rvm/gems/ruby-2.0.0-p353@rails4/specifications/mime-types-1.25.1.gemspec
I, [2014-08-27T17:36:50.394041 #96061]  INFO -- : 0:  polyglot (0.3.5) from /Users/dse/.rvm/gems/ruby-2.0.0-p353@rails4/specifications/polyglot-0.3.5.gemspec
I, [2014-08-27T17:36:50.394343 #96061]  INFO -- : 0:  treetop (1.4.15) from /Users/dse/.rvm/gems/ruby-2.0.0-p353@rails4/specifications/treetop-1.4.15.gemspec
I, [2014-08-27T17:36:50.394645 #96061]  INFO -- : 0:  mail (2.5.4) from /Users/dse/.rvm/gems/ruby-2.0.0-p353@rails4/specifications/mail-2.5.4.gemspec
I, [2014-08-27T17:36:50.394953 #96061]  INFO -- : 0:  actionmailer (4.0.2) from /Users/dse/.rvm/gems/ruby-2.0.0-p353@rails4/specifications/actionmailer-4.0.2.gemspec
I, [2014-08-27T17:36:50.395276 #96061]  INFO -- : 0:  activemodel (4.0.2) from /Users/dse/.rvm/gems/ruby-2.0.0-p353@rails4/specifications/activemodel-4.0.2.gemspec
I, [2014-08-27T17:36:50.395576 #96061]  INFO -- : 0:  activerecord-deprecated_finders (1.0.3) from /Users/dse/.rvm/gems/ruby-2.0.0-p353@rails4/specifications/activerecord-deprecated_finders-1.0.3.gemspec
I, [2014-08-27T17:36:50.395878 #96061]  INFO -- : 0:  arel (4.0.2) from /Users/dse/.rvm/gems/ruby-2.0.0-p353@rails4/specifications/arel-4.0.2.gemspec
I, [2014-08-27T17:36:50.396207 #96061]  INFO -- : 0:  activerecord (4.0.2) from /Users/dse/.rvm/gems/ruby-2.0.0-p353@rails4/specifications/activerecord-4.0.2.gemspec
I, [2014-08-27T17:36:50.396455 #96061]  INFO -- : 0:  sass (3.2.19) from /Users/dse/.rvm/gems/ruby-2.0.0-p353@rails4/specifications/sass-3.2.19.gemspec
I, [2014-08-27T17:36:50.396750 #96061]  INFO -- : 0:  bootstrap-sass (3.2.0.1) from /Users/dse/.rvm/gems/ruby-2.0.0-p353@rails4/specifications/bootstrap-sass-3.2.0.1.gemspec
I, [2014-08-27T17:36:50.397037 #96061]  INFO -- : 0:  bundler (1.5.1) from /Users/dse/.rvm/gems/ruby-2.0.0-p353@global/specifications/bundler-1.5.1.gemspec
I, [2014-08-27T17:36:50.397344 #96061]  INFO -- : 0:  coffee-script-source (1.7.1) from /Users/dse/.rvm/gems/ruby-2.0.0-p353@rails4/specifications/coffee-script-source-1.7.1.gemspec
I, [2014-08-27T17:36:50.397653 #96061]  INFO -- : 0:  execjs (2.2.1) from /Users/dse/.rvm/gems/ruby-2.0.0-p353@rails4/specifications/execjs-2.2.1.gemspec
I, [2014-08-27T17:36:50.397951 #96061]  INFO -- : 0:  coffee-script (2.3.0) from /Users/dse/.rvm/gems/ruby-2.0.0-p353@rails4/specifications/coffee-script-2.3.0.gemspec
I, [2014-08-27T17:36:50.398252 #96061]  INFO -- : 0:  thor (0.19.1) from /Users/dse/.rvm/gems/ruby-2.0.0-p353@rails4/specifications/thor-0.19.1.gemspec
I, [2014-08-27T17:36:50.398557 #96061]  INFO -- : 0:  railties (4.0.2) from /Users/dse/.rvm/gems/ruby-2.0.0-p353@rails4/specifications/railties-4.0.2.gemspec
I, [2014-08-27T17:36:50.398856 #96061]  INFO -- : 0:  coffee-rails (4.0.1) from /Users/dse/.rvm/gems/ruby-2.0.0-p353@rails4/specifications/coffee-rails-4.0.1.gemspec
I, [2014-08-27T17:36:50.399152 #96061]  INFO -- : 0:  tilt (1.4.1) from /Users/dse/.rvm/gems/ruby-2.0.0-p353@rails4/specifications/tilt-1.4.1.gemspec
I, [2014-08-27T17:36:50.399446 #96061]  INFO -- : 0:  haml (4.0.5) from /Users/dse/.rvm/gems/ruby-2.0.0-p353@rails4/specifications/haml-4.0.5.gemspec
I, [2014-08-27T17:36:50.399715 #96061]  INFO -- : 0:  haml-rails (0.5.3) from /Users/dse/.rvm/gems/ruby-2.0.0-p353@rails4/specifications/haml-rails-0.5.3.gemspec
I, [2014-08-27T17:36:50.399987 #96061]  INFO -- : 0:  hike (1.2.3) from /Users/dse/.rvm/gems/ruby-2.0.0-p353@rails4/specifications/hike-1.2.3.gemspec
I, [2014-08-27T17:36:50.400251 #96061]  INFO -- : 0:  jbuilder (1.5.3) from /Users/dse/.rvm/gems/ruby-2.0.0-p353@rails4/specifications/jbuilder-1.5.3.gemspec
I, [2014-08-27T17:36:50.400525 #96061]  INFO -- : 0:  jquery-rails (3.1.1) from /Users/dse/.rvm/gems/ruby-2.0.0-p353@rails4/specifications/jquery-rails-3.1.1.gemspec
I, [2014-08-27T17:36:52.116758 #96061]  INFO -- : 0:  jquery-validation-rails (1.12.0) from /Users/dse/.rvm/gems/ruby-2.0.0-p353@rails4/specifications/jquery-validation-rails-1.12.0.gemspec
I, [2014-08-27T17:36:52.117286 #96061]  INFO -- : 0:  json (1.8.1) from /Users/dse/.rvm/gems/ruby-2.0.0-p353@rails4/specifications/json-1.8.1.gemspec
I, [2014-08-27T17:36:52.117618 #96061]  INFO -- : 0:  kgio (2.9.2) from /Users/dse/.rvm/gems/ruby-2.0.0-p353@rails4/specifications/kgio-2.9.2.gemspec
I, [2014-08-27T17:36:52.117911 #96061]  INFO -- : 0:  sprockets (2.11.0) from /Users/dse/.rvm/gems/ruby-2.0.0-p353@rails4/specifications/sprockets-2.11.0.gemspec
I, [2014-08-27T17:36:52.118307 #96061]  INFO -- : 0:  sprockets-rails (2.0.1) from /Users/dse/.rvm/gems/ruby-2.0.0-p353@rails4/specifications/sprockets-rails-2.0.1.gemspec
I, [2014-08-27T17:36:52.118660 #96061]  INFO -- : 0:  rails (4.0.2) from /Users/dse/.rvm/gems/ruby-2.0.0-p353@rails4/specifications/rails-4.0.2.gemspec
I, [2014-08-27T17:36:52.118995 #96061]  INFO -- : 0:  raindrops (0.13.0) from /Users/dse/.rvm/gems/ruby-2.0.0-p353@rails4/specifications/raindrops-0.13.0.gemspec
I, [2014-08-27T17:36:52.119275 #96061]  INFO -- : 0:  rdoc (4.1.1) from /Users/dse/.rvm/gems/ruby-2.0.0-p353@rails4/specifications/rdoc-4.1.1.gemspec
I, [2014-08-27T17:36:52.119553 #96061]  INFO -- : 0:  sass-rails (4.0.3) from /Users/dse/.rvm/gems/ruby-2.0.0-p353@rails4/specifications/sass-rails-4.0.3.gemspec
I, [2014-08-27T17:36:52.119827 #96061]  INFO -- : 0:  sdoc (0.4.1) from /Users/dse/.rvm/gems/ruby-2.0.0-p353@rails4/specifications/sdoc-0.4.1.gemspec
I, [2014-08-27T17:36:52.120099 #96061]  INFO -- : 0:  sqlite3 (1.3.9) from /Users/dse/.rvm/gems/ruby-2.0.0-p353@rails4/specifications/sqlite3-1.3.9.gemspec
I, [2014-08-27T17:36:52.120378 #96061]  INFO -- : 0:  turbolinks (2.2.3) from /Users/dse/.rvm/gems/ruby-2.0.0-p353@rails4/specifications/turbolinks-2.2.3.gemspec
I, [2014-08-27T17:36:52.120739 #96061]  INFO -- : 0:  uglifier (2.5.3) from /Users/dse/.rvm/gems/ruby-2.0.0-p353@rails4/specifications/uglifier-2.5.3.gemspec
I, [2014-08-27T17:36:52.121045 #96061]  INFO -- : 0:  unicorn (4.8.3) from /Users/dse/.rvm/gems/ruby-2.0.0-p353@rails4/specifications/unicorn-4.8.3.gemspec
I, [2014-08-27T17:41:59.127308 #96078]  INFO -- : 0:  rake (10.3.2) from /Users/dse/.rvm/gems/ruby-2.0.0-p353@rails4/specifications/rake-10.3.2.gemspec
I, [2014-08-27T17:41:59.127656 #96078]  INFO -- : 0:  i18n (0.6.11) from /Users/dse/.rvm/gems/ruby-2.0.0-p353@rails4/specifications/i18n-0.6.11.gemspec
I, [2014-08-27T17:41:59.127934 #96078]  INFO -- : 0:  minitest (4.7.5) from /Users/dse/.rvm/gems/ruby-2.0.0-p353@rails4/specifications/minitest-4.7.5.gemspec
I, [2014-08-27T17:41:59.128222 #96078]  INFO -- : 0:  multi_json (1.10.1) from /Users/dse/.rvm/gems/ruby-2.0.0-p353@rails4/specifications/multi_json-1.10.1.gemspec
I, [2014-08-27T17:41:59.128504 #96078]  INFO -- : 0:  thread_safe (0.3.4) from /Users/dse/.rvm/gems/ruby-2.0.0-p353@rails4/specifications/thread_safe-0.3.4.gemspec
I, [2014-08-27T17:41:59.128780 #96078]  INFO -- : 0:  tzinfo (0.3.41) from /Users/dse/.rvm/gems/ruby-2.0.0-p353@rails4/specifications/tzinfo-0.3.41.gemspec
I, [2014-08-27T17:41:59.129052 #96078]  INFO -- : 0:  activesupport (4.0.2) from /Users/dse/.rvm/gems/ruby-2.0.0-p353@rails4/specifications/activesupport-4.0.2.gemspec
I, [2014-08-27T17:41:59.129320 #96078]  INFO -- : 0:  builder (3.1.4) from /Users/dse/.rvm/gems/ruby-2.0.0-p353@rails4/specifications/builder-3.1.4.gemspec
I, [2014-08-27T17:41:59.129563 #96078]  INFO -- : 0:  erubis (2.7.0) from /Users/dse/.rvm/gems/ruby-2.0.0-p353@rails4/specifications/erubis-2.7.0.gemspec
I, [2014-08-27T17:41:59.129821 #96078]  INFO -- : 0:  rack (1.5.2) from /Users/dse/.rvm/gems/ruby-2.0.0-p353@rails4/specifications/rack-1.5.2.gemspec
I, [2014-08-27T17:41:59.130076 #96078]  INFO -- : 0:  rack-test (0.6.2) from /Users/dse/.rvm/gems/ruby-2.0.0-p353@rails4/specifications/rack-test-0.6.2.gemspec
I, [2014-08-27T17:41:59.130344 #96078]  INFO -- : 0:  actionpack (4.0.2) from /Users/dse/.rvm/gems/ruby-2.0.0-p353@rails4/specifications/actionpack-4.0.2.gemspec
I, [2014-08-27T17:41:59.130606 #96078]  INFO -- : 0:  mime-types (1.25.1) from /Users/dse/.rvm/gems/ruby-2.0.0-p353@rails4/specifications/mime-types-1.25.1.gemspec
I, [2014-08-27T17:41:59.130872 #96078]  INFO -- : 0:  polyglot (0.3.5) from /Users/dse/.rvm/gems/ruby-2.0.0-p353@rails4/specifications/polyglot-0.3.5.gemspec
I, [2014-08-27T17:41:59.131112 #96078]  INFO -- : 0:  treetop (1.4.15) from /Users/dse/.rvm/gems/ruby-2.0.0-p353@rails4/specifications/treetop-1.4.15.gemspec
I, [2014-08-27T17:41:59.131368 #96078]  INFO -- : 0:  mail (2.5.4) from /Users/dse/.rvm/gems/ruby-2.0.0-p353@rails4/specifications/mail-2.5.4.gemspec
I, [2014-08-27T17:41:59.131633 #96078]  INFO -- : 0:  actionmailer (4.0.2) from /Users/dse/.rvm/gems/ruby-2.0.0-p353@rails4/specifications/actionmailer-4.0.2.gemspec
I, [2014-08-27T17:41:59.131899 #96078]  INFO -- : 0:  activemodel (4.0.2) from /Users/dse/.rvm/gems/ruby-2.0.0-p353@rails4/specifications/activemodel-4.0.2.gemspec
I, [2014-08-27T17:41:59.132194 #96078]  INFO -- : 0:  activerecord-deprecated_finders (1.0.3) from /Users/dse/.rvm/gems/ruby-2.0.0-p353@rails4/specifications/activerecord-deprecated_finders-1.0.3.gemspec
I, [2014-08-27T17:41:59.132443 #96078]  INFO -- : 0:  arel (4.0.2) from /Users/dse/.rvm/gems/ruby-2.0.0-p353@rails4/specifications/arel-4.0.2.gemspec
I, [2014-08-27T17:41:59.132707 #96078]  INFO -- : 0:  activerecord (4.0.2) from /Users/dse/.rvm/gems/ruby-2.0.0-p353@rails4/specifications/activerecord-4.0.2.gemspec
I, [2014-08-27T17:41:59.132966 #96078]  INFO -- : 0:  sass (3.2.19) from /Users/dse/.rvm/gems/ruby-2.0.0-p353@rails4/specifications/sass-3.2.19.gemspec
I, [2014-08-27T17:41:59.133221 #96078]  INFO -- : 0:  bootstrap-sass (3.2.0.1) from /Users/dse/.rvm/gems/ruby-2.0.0-p353@rails4/specifications/bootstrap-sass-3.2.0.1.gemspec
I, [2014-08-27T17:41:59.133489 #96078]  INFO -- : 0:  coffee-script-source (1.7.1) from /Users/dse/.rvm/gems/ruby-2.0.0-p353@rails4/specifications/coffee-script-source-1.7.1.gemspec
I, [2014-08-27T17:41:59.133759 #96078]  INFO -- : 0:  execjs (2.2.1) from /Users/dse/.rvm/gems/ruby-2.0.0-p353@rails4/specifications/execjs-2.2.1.gemspec
I, [2014-08-27T17:41:59.134003 #96078]  INFO -- : 0:  coffee-script (2.3.0) from /Users/dse/.rvm/gems/ruby-2.0.0-p353@rails4/specifications/coffee-script-2.3.0.gemspec
I, [2014-08-27T17:41:59.134262 #96078]  INFO -- : 0:  thor (0.19.1) from /Users/dse/.rvm/gems/ruby-2.0.0-p353@rails4/specifications/thor-0.19.1.gemspec
I, [2014-08-27T17:41:59.134524 #96078]  INFO -- : 0:  railties (4.0.2) from /Users/dse/.rvm/gems/ruby-2.0.0-p353@rails4/specifications/railties-4.0.2.gemspec
I, [2014-08-27T17:41:59.134782 #96078]  INFO -- : 0:  coffee-rails (4.0.1) from /Users/dse/.rvm/gems/ruby-2.0.0-p353@rails4/specifications/coffee-rails-4.0.1.gemspec
I, [2014-08-27T17:41:59.135042 #96078]  INFO -- : 0:  tilt (1.4.1) from /Users/dse/.rvm/gems/ruby-2.0.0-p353@rails4/specifications/tilt-1.4.1.gemspec
I, [2014-08-27T17:41:59.135294 #96078]  INFO -- : 0:  haml (4.0.5) from /Users/dse/.rvm/gems/ruby-2.0.0-p353@rails4/specifications/haml-4.0.5.gemspec
I, [2014-08-27T17:41:59.135531 #96078]  INFO -- : 0:  haml-rails (0.5.3) from /Users/dse/.rvm/gems/ruby-2.0.0-p353@rails4/specifications/haml-rails-0.5.3.gemspec
I, [2014-08-27T17:41:59.135783 #96078]  INFO -- : 0:  hike (1.2.3) from /Users/dse/.rvm/gems/ruby-2.0.0-p353@rails4/specifications/hike-1.2.3.gemspec
I, [2014-08-27T17:41:59.136050 #96078]  INFO -- : 0:  jbuilder (1.5.3) from /Users/dse/.rvm/gems/ruby-2.0.0-p353@rails4/specifications/jbuilder-1.5.3.gemspec
I, [2014-08-27T17:41:59.136326 #96078]  INFO -- : 0:  jquery-rails (3.1.1) from /Users/dse/.rvm/gems/ruby-2.0.0-p353@rails4/specifications/jquery-rails-3.1.1.gemspec
I, [2014-08-27T17:41:59.136583 #96078]  INFO -- : 0:  jquery-validation-rails (1.12.0) from /Users/dse/.rvm/gems/ruby-2.0.0-p353@rails4/specifications/jquery-validation-rails-1.12.0.gemspec
I, [2014-08-27T17:41:59.136842 #96078]  INFO -- : 0:  json (1.8.1) from /Users/dse/.rvm/gems/ruby-2.0.0-p353@rails4/specifications/json-1.8.1.gemspec
I, [2014-08-27T17:41:59.137080 #96078]  INFO -- : 0:  kgio (2.9.2) from /Users/dse/.rvm/gems/ruby-2.0.0-p353@rails4/specifications/kgio-2.9.2.gemspec
I, [2014-08-27T17:41:59.137324 #96078]  INFO -- : 0:  bundler (1.5.1) from /Users/dse/.rvm/gems/ruby-2.0.0-p353@global/specifications/bundler-1.5.1.gemspec
I, [2014-08-27T17:41:59.137586 #96078]  INFO -- : 0:  sprockets (2.11.0) from /Users/dse/.rvm/gems/ruby-2.0.0-p353@rails4/specifications/sprockets-2.11.0.gemspec
I, [2014-08-27T17:41:59.137841 #96078]  INFO -- : 0:  sprockets-rails (2.0.1) from /Users/dse/.rvm/gems/ruby-2.0.0-p353@rails4/specifications/sprockets-rails-2.0.1.gemspec
I, [2014-08-27T17:41:59.138102 #96078]  INFO -- : 0:  rails (4.0.2) from /Users/dse/.rvm/gems/ruby-2.0.0-p353@rails4/specifications/rails-4.0.2.gemspec
I, [2014-08-27T17:41:59.138337 #96078]  INFO -- : 0:  raindrops (0.13.0) from /Users/dse/.rvm/gems/ruby-2.0.0-p353@rails4/specifications/raindrops-0.13.0.gemspec
I, [2014-08-27T17:41:59.138603 #96078]  INFO -- : 0:  rdoc (4.1.1) from /Users/dse/.rvm/gems/ruby-2.0.0-p353@rails4/specifications/rdoc-4.1.1.gemspec
I, [2014-08-27T17:41:59.138862 #96078]  INFO -- : 0:  sass-rails (4.0.3) from /Users/dse/.rvm/gems/ruby-2.0.0-p353@rails4/specifications/sass-rails-4.0.3.gemspec
I, [2014-08-27T17:41:59.139122 #96078]  INFO -- : 0:  sdoc (0.4.1) from /Users/dse/.rvm/gems/ruby-2.0.0-p353@rails4/specifications/sdoc-0.4.1.gemspec
I, [2014-08-27T17:41:59.139384 #96078]  INFO -- : 0:  sqlite3 (1.3.9) from /Users/dse/.rvm/gems/ruby-2.0.0-p353@rails4/specifications/sqlite3-1.3.9.gemspec
I, [2014-08-27T17:41:59.139646 #96078]  INFO -- : 0:  turbolinks (2.2.3) from /Users/dse/.rvm/gems/ruby-2.0.0-p353@rails4/specifications/turbolinks-2.2.3.gemspec
I, [2014-08-27T17:41:59.139897 #96078]  INFO -- : 0:  uglifier (2.5.3) from /Users/dse/.rvm/gems/ruby-2.0.0-p353@rails4/specifications/uglifier-2.5.3.gemspec
I, [2014-08-27T17:41:59.140149 #96078]  INFO -- : 0:  unicorn (4.8.3) from /Users/dse/.rvm/gems/ruby-2.0.0-p353@rails4/specifications/unicorn-4.8.3.gemspec
